<?xml version="1.0" encoding="UTF-8"?>
<!-- Generated by org.testng.reporters.JUnitReportReporter -->
<testsuite hostname="Nandakumar" failures="0" tests="5" name="testNGAnnotation.DataProv_Example" time="0.019" errors="0" timestamp="2026-03-30T20:10:01 IST" skipped="0">
  <testcase classname="testNGAnnotation.DataProv_Example" name="test" time="0.002"/>
  <system-out/>
  <testcase classname="testNGAnnotation.DataProv_Example" name="test" time="0.002"/>
  <system-out/>
  <testcase classname="testNGAnnotation.DataProv_Example" name="test" time="0.012"/>
  <system-out/>
  <testcase classname="testNGAnnotation.DataProv_Example" name="test" time="0.001"/>
  <system-out/>
  <testcase classname="testNGAnnotation.DataProv_Example" name="test" time="0.002"/>
  <system-out/>
</testsuite> <!-- testNGAnnotation.DataProv_Example -->
