<?xml version="1.0" encoding="UTF-8"?>
<testng-results ignored="0" total="1" passed="1" failed="0" skipped="0">
  <reporter-output>
  </reporter-output>
  <suite started-at="2026-03-31T08:27:27 IST" name="Default suite" finished-at="2026-03-31T08:27:30 IST" duration-ms="3354">
    <groups>
    </groups>
    <test started-at="2026-03-31T08:27:27 IST" name="Default test" finished-at="2026-03-31T08:27:30 IST" duration-ms="3354">
      <class name="activities.GetSingActi">
        <test-method signature="getByid()[pri:0, instance:activities.GetSingActi@8dbdac1]" started-at="2026-03-31T08:27:27 IST" name="getByid" finished-at="2026-03-31T08:27:30 IST" duration-ms="3294" status="PASS">
          <reporter-output>
          </reporter-output>
        </test-method> <!-- getByid -->
      </class> <!-- activities.GetSingActi -->
    </test> <!-- Default test -->
  </suite> <!-- Default suite -->
</testng-results>
